  bai001.cpp
C:\Users\tgdvu\OneDrive\Documents\Visual Studio 2022\KIỂU CẤU TRÚC\bai001\Bai001\bai001.cpp(16,7): error C2079: 'M' uses undefined struct 'diem'
C:\Users\tgdvu\OneDrive\Documents\Visual Studio 2022\KIỂU CẤU TRÚC\bai001\Bai001\bai001.cpp(17,2): error C2664: 'void Nhap(DIEM &)': cannot convert argument 1 from 'int' to 'DIEM &'
C:\Users\tgdvu\OneDrive\Documents\Visual Studio 2022\KIỂU CẤU TRÚC\bai001\Bai001\bai001.cpp(11,6): message : see declaration of 'Nhap'
C:\Users\tgdvu\OneDrive\Documents\Visual Studio 2022\KIỂU CẤU TRÚC\bai001\Bai001\bai001.cpp(17,2): message : while trying to match the argument list '(int)'
C:\Users\tgdvu\OneDrive\Documents\Visual Studio 2022\KIỂU CẤU TRÚC\bai001\Bai001\bai001.cpp(19,2): error C2664: 'void Xuat(DIEM)': cannot convert argument 1 from 'int' to 'DIEM'
C:\Users\tgdvu\OneDrive\Documents\Visual Studio 2022\KIỂU CẤU TRÚC\bai001\Bai001\bai001.cpp(19,7): message : use of undefined type 'diem'
C:\Users\tgdvu\OneDrive\Documents\Visual Studio 2022\KIỂU CẤU TRÚC\bai001\Bai001\bai001.cpp(9,16): message : see declaration of 'diem'
C:\Users\tgdvu\OneDrive\Documents\Visual Studio 2022\KIỂU CẤU TRÚC\bai001\Bai001\bai001.cpp(12,6): message : see declaration of 'Xuat'
C:\Users\tgdvu\OneDrive\Documents\Visual Studio 2022\KIỂU CẤU TRÚC\bai001\Bai001\bai001.cpp(19,2): message : while trying to match the argument list '(int)'
C:\Users\tgdvu\OneDrive\Documents\Visual Studio 2022\KIỂU CẤU TRÚC\bai001\Bai001\bai001.cpp(26,12): error C2027: use of undefined type 'diem'
C:\Users\tgdvu\OneDrive\Documents\Visual Studio 2022\KIỂU CẤU TRÚC\bai001\Bai001\bai001.cpp(9,16): message : see declaration of 'diem'
C:\Users\tgdvu\OneDrive\Documents\Visual Studio 2022\KIỂU CẤU TRÚC\bai001\Bai001\bai001.cpp(28,9): error C2027: use of undefined type 'diem'
C:\Users\tgdvu\OneDrive\Documents\Visual Studio 2022\KIỂU CẤU TRÚC\bai001\Bai001\bai001.cpp(9,16): message : see declaration of 'diem'
C:\Users\tgdvu\OneDrive\Documents\Visual Studio 2022\KIỂU CẤU TRÚC\bai001\Bai001\bai001.cpp(31,6): error C2027: use of undefined type 'diem'
C:\Users\tgdvu\OneDrive\Documents\Visual Studio 2022\KIỂU CẤU TRÚC\bai001\Bai001\bai001.cpp(9,16): message : see declaration of 'diem'
C:\Users\tgdvu\OneDrive\Documents\Visual Studio 2022\KIỂU CẤU TRÚC\bai001\Bai001\bai001.cpp(33,24): error C2027: use of undefined type 'diem'
C:\Users\tgdvu\OneDrive\Documents\Visual Studio 2022\KIỂU CẤU TRÚC\bai001\Bai001\bai001.cpp(9,16): message : see declaration of 'diem'
C:\Users\tgdvu\OneDrive\Documents\Visual Studio 2022\KIỂU CẤU TRÚC\bai001\Bai001\bai001.cpp(34,21): error C2027: use of undefined type 'diem'
C:\Users\tgdvu\OneDrive\Documents\Visual Studio 2022\KIỂU CẤU TRÚC\bai001\Bai001\bai001.cpp(9,16): message : see declaration of 'diem'
